<?xml version="1.0" encoding="UTF-8"?>
<testng-results skipped="0" failed="0" total="1" passed="1">
  <reporter-output>
  </reporter-output>
  <suite name="Suite" duration-ms="17840" started-at="2019-06-18T07:58:03Z" finished-at="2019-06-18T07:58:21Z">
    <groups>
    </groups>
    <test name="Test" duration-ms="17840" started-at="2019-06-18T07:58:03Z" finished-at="2019-06-18T07:58:21Z">
      <class name="test.TestNG_Demo">
        <test-method status="PASS" signature="setUpTest()[pri:0, instance:test.TestNG_Demo@129a8472]" name="setUpTest" is-config="true" duration-ms="3083" started-at="2019-06-18T13:28:03Z" finished-at="2019-06-18T13:28:06Z">
          <reporter-output>
          </reporter-output>
        </test-method> <!-- setUpTest -->
        <test-method status="PASS" signature="googleSearch()[pri:0, instance:test.TestNG_Demo@129a8472]" name="googleSearch" duration-ms="11823" started-at="2019-06-18T13:28:06Z" finished-at="2019-06-18T13:28:18Z">
          <reporter-output>
          </reporter-output>
        </test-method> <!-- googleSearch -->
        <test-method status="PASS" signature="tearDownTest()[pri:0, instance:test.TestNG_Demo@129a8472]" name="tearDownTest" is-config="true" duration-ms="2906" started-at="2019-06-18T13:28:18Z" finished-at="2019-06-18T13:28:21Z">
          <reporter-output>
          </reporter-output>
        </test-method> <!-- tearDownTest -->
      </class> <!-- test.TestNG_Demo -->
    </test> <!-- Test -->
  </suite> <!-- Suite -->
</testng-results>
